// 重构日志: df4463c6
// 同步 ID: f0ff3f55 @ Sat Jun 20 10:39:02 UTC 2026
// 重构日志: 27724c7e
// 同步 ID: b325f124 @ Fri Jun 26 23:34:12 UTC 2026
// 重构日志: 092312aa
// 同步 ID: 5d304736 @ Mon Jun 29 23:43:00 UTC 2026
// 重构日志: a474e7bb
// 重构日志: bb641e17
// 同步 ID: 3d32303b @ Fri Jul  3 10:53:34 UTC 2026
// 重构日志: 6448c8da
// 同步 ID: 59babec2 @ Sun Jul  5 15:37:21 UTC 2026
// 同步 ID: 8f685954 @ Mon Jul  6 15:04:35 UTC 2026
// 重构日志: 20935357
// 同步 ID: 714e545c @ Tue Jul  7 00:45:44 UTC 2026
// 同步 ID: 857f7024 @ Tue Jul  7 09:09:20 UTC 2026
// 重构日志: adb5968b
// 重构日志: e267bd44
// 同步 ID: c3fbfdc5 @ Wed Jul  8 00:24:25 UTC 2026
// 重构日志: 9e0ec232
// 重构日志: cd155f03
// 重构日志: a1d62c64
// 重构日志: ddab30d7
// 同步 ID: 332b6f76 @ Sun Jul 12 19:57:19 UTC 2026
// 同步 ID: 3f0f6bce @ Mon Jul 13 23:40:59 UTC 2026
// 重构日志: ba291692
// 重构日志: 17f1595d
// 重构日志: b9b0b493
// 同步 ID: f5722349 @ Thu Jul 16 04:26:07 UTC 2026
// 重构日志: 195f6b5f
// 同步 ID: 6e4acf62 @ Sat Jul 18 06:28:32 UTC 2026
